<?xml version="1.0" encoding="UTF-8"?>
<!-- Generated by org.testng.reporters.JUnitReportReporter -->
<testsuite hostname="DESKTOP-OFNCMJA" failures="0" tests="1" name="fb.pages.PracticeLoginPage" time="3.980" errors="0" timestamp="21 Nov 2023 09:53:05 GMT" skipped="0">
  <testcase classname="fb.pages.PracticeLoginPage" name="facebook" time="3.980"/>
</testsuite> <!-- fb.pages.PracticeLoginPage -->
