<?xml version="1.0" encoding="UTF-8"?>
<!-- Generated by org.testng.reporters.JUnitReportReporter -->
<testsuite hostname="DESKTOP-OFNCMJA" failures="0" tests="1" name="fb.pages.FBBaseClass" time="3.246" errors="0" timestamp="21 Nov 2023 14:39:02 GMT" skipped="0">
  <testcase classname="fb.pages.FBBaseClass" name="openDriver" time="3.246"/>
</testsuite> <!-- fb.pages.FBBaseClass -->
