<?xml version="1.0" encoding="UTF-8"?>
<!-- Generated by org.testng.reporters.JUnitReportReporter -->
<testsuite hostname="DESKTOP-OFNCMJA" failures="0" tests="1" name="fb.pages.FBLoginPage" time="4.644" errors="0" timestamp="23 Nov 2023 06:35:04 GMT" skipped="0">
  <testcase classname="fb.pages.FBLoginPage" name="openDriver" time="4.644"/>
</testsuite> <!-- fb.pages.FBLoginPage -->
