<?xml version="1.0" encoding="UTF-8"?>
<!-- Generated by org.testng.reporters.JUnitReportReporter -->
<testsuite hostname="DESKTOP-OFNCMJA" failures="0" tests="1" name="fb.pages.BaseClass" time="6.017" errors="0" timestamp="21 Nov 2023 14:27:12 GMT" skipped="0">
  <testcase classname="fb.pages.BaseClass" name="openDriver" time="6.017"/>
</testsuite> <!-- fb.pages.BaseClass -->
